SF:lib/core/error/exceptions.dart
DA:5,1
DA:7,1
DA:8,2
LF:3
LH:3
end_of_record
SF:lib/core/services/network/endpoints.dart
DA:11,1
DA:14,1
DA:16,1
DA:17,2
DA:18,0
DA:25,0
DA:26,0
DA:29,0
DA:30,0
DA:33,0
DA:34,0
DA:37,1
DA:39,1
DA:41,1
DA:42,1
DA:43,1
DA:47,0
DA:49,0
DA:50,0
DA:51,0
DA:52,0
DA:53,0
LF:22
LH:9
end_of_record
SF:lib/features/main/data/datasources/main/rest_remote_datasource.dart
DA:16,1
DA:21,1
DA:25,4
DA:28,1
DA:29,2
DA:31,1
DA:32,0
DA:36,1
DA:39,2
DA:40,2
DA:41,1
DA:43,3
DA:44,5
DA:47,0
DA:48,0
DA:49,0
DA:52,2
DA:54,3
DA:57,1
DA:58,2
DA:62,0
DA:64,1
LF:22
LH:17
end_of_record
SF:lib/features/main/domain/usecases/get_main_info.dart
DA:12,0
DA:14,0
DA:16,0
DA:23,2
DA:25,0
DA:26,0
LF:6
LH:1
end_of_record
SF:lib/features/main/data/models/repo_model.dart
DA:4,4
DA:9,1
DA:15,1
DA:16,1
DA:17,1
DA:18,2
DA:24,0
DA:25,0
DA:26,0
DA:27,0
DA:28,0
LF:11
LH:6
end_of_record
SF:lib/features/main/domain/enities/main_entity.dart
DA:8,4
DA:14,1
DA:15,1
DA:16,1
DA:17,1
LF:5
LH:5
end_of_record
SF:lib/core/error/failures.dart
DA:4,0
DA:5,0
DA:11,0
LF:3
LH:0
end_of_record
SF:lib/core/services/network/config.dart
DA:9,1
DA:11,1
DA:13,1
DA:15,1
DA:16,0
DA:18,1
DA:22,1
DA:23,2
DA:24,1
DA:25,2
DA:26,1
LF:11
LH:10
end_of_record
SF:lib/core/usecases/usecase.dart
DA:12,0
DA:13,0
LF:2
LH:0
end_of_record
SF:lib/core/utils/helpers/dio_helper.dart
DA:3,1
DA:4,2
DA:5,0
DA:6,0
LF:4
LH:2
end_of_record
SF:lib/features/main/domain/enities/repo_entity.dart
DA:8,4
DA:15,1
DA:16,1
DA:17,1
DA:18,1
DA:19,1
LF:6
LH:6
end_of_record
SF:lib/core/services/network/network_info.dart
DA:10,1
DA:12,1
DA:13,2
LF:3
LH:3
end_of_record
SF:lib/features/main/data/repositories/main_repository_impl.dart
DA:14,1
DA:20,1
DA:22,2
DA:24,4
DA:25,1
DA:27,0
DA:28,0
DA:30,0
DA:33,0
LF:9
LH:5
end_of_record
